<?xml version="1.0" encoding="UTF-8"?>
<!-- Generated by org.testng.reporters.JUnitReportReporter -->
<testsuite skipped="0" hostname="II5MACMINI-04.local" name="com.fluentWait.Test.post" tests="3" failures="0" timestamp="30 May 2017 13:06:28 GMT" time="3.129" errors="0">
  <testcase name="testHTTPErrorCode" time="0.123" classname="com.fluentWait.Test.post"/>
  <testcase name="testBodyofResponse" time="1.772" classname="com.fluentWait.Test.post"/>
  <testcase name="testKeyValue" time="1.234" classname="com.fluentWait.Test.post"/>
</testsuite> <!-- com.fluentWait.Test.post -->
