<?xml version="1.0" encoding="UTF-8"?>
<!-- Generated by org.testng.reporters.JUnitReportReporter -->
<testsuite skipped="0" hostname="II5MACMINI-04.local" name="testSuite.statusCode" tests="1" failures="0" timestamp="30 May 2017 08:42:17 GMT" time="1.953" errors="0">
  <testcase name="basicPingTest" time="1.953" classname="testSuite.statusCode"/>
</testsuite> <!-- testSuite.statusCode -->
